<?xml version="1.0" encoding="UTF-8"?>
<!-- Generated by org.testng.reporters.JUnitXMLReporter -->
<testsuite ignored="0" hostname="SubhamHP" failures="0" tests="12" name="Chrome Tests" time="38.316" errors="0" timestamp="2026-06-12T10:08:20 IST">
  <testcase classname="com.guielements.tests.GUIElementsTest" name="testTextFields" time="1.417"/>
  <testcase classname="com.guielements.tests.GUIElementsTest" name="testRadioButton" time="0.273"/>
  <testcase classname="com.guielements.tests.GUIElementsTest" name="testCheckboxes" time="0.68"/>
  <testcase classname="com.guielements.tests.GUIElementsTest" name="testDropdowns" time="1.575"/>
  <testcase classname="com.guielements.tests.GUIElementsTest" name="testDatePicker" time="0.943"/>
  <testcase classname="com.guielements.tests.GUIElementsTest" name="testSimpleAlert" time="1.854"/>
  <testcase classname="com.guielements.tests.GUIElementsTest" name="testConfirmationAlert" time="2.097"/>
  <testcase classname="com.guielements.tests.GUIElementsTest" name="testPromptAlert" time="2.386"/>
  <testcase classname="com.guielements.tests.GUIElementsTest" name="testMouseHover" time="2.273"/>
  <testcase classname="com.guielements.tests.GUIElementsTest" name="testDoubleClick" time="1.452"/>
  <testcase classname="com.guielements.tests.GUIElementsTest" name="testDragAndDrop" time="1.566"/>
  <testcase classname="com.guielements.tests.GUIElementsTest" name="testSlider" time="2.241"/>
</testsuite> <!-- Chrome Tests -->
