<?xml version="1.0" encoding="UTF-8"?>
<!-- Generated by org.testng.reporters.JUnitXMLReporter -->
<testsuite ignored="0" hostname="SubhamHP" failures="0" tests="12" name="Edge Tests" time="38.234" errors="0" timestamp="2026-06-12T10:08:20 IST">
  <testcase classname="com.guielements.tests.GUIElementsTest" name="testTextFields" time="1.351"/>
  <testcase classname="com.guielements.tests.GUIElementsTest" name="testRadioButton" time="0.354"/>
  <testcase classname="com.guielements.tests.GUIElementsTest" name="testCheckboxes" time="0.972"/>
  <testcase classname="com.guielements.tests.GUIElementsTest" name="testDropdowns" time="1.381"/>
  <testcase classname="com.guielements.tests.GUIElementsTest" name="testDatePicker" time="0.859"/>
  <testcase classname="com.guielements.tests.GUIElementsTest" name="testSimpleAlert" time="3.272"/>
  <testcase classname="com.guielements.tests.GUIElementsTest" name="testConfirmationAlert" time="3.297"/>
  <testcase classname="com.guielements.tests.GUIElementsTest" name="testPromptAlert" time="1.964"/>
  <testcase classname="com.guielements.tests.GUIElementsTest" name="testMouseHover" time="2.259"/>
  <testcase classname="com.guielements.tests.GUIElementsTest" name="testDoubleClick" time="1.464"/>
  <testcase classname="com.guielements.tests.GUIElementsTest" name="testDragAndDrop" time="1.559"/>
  <testcase classname="com.guielements.tests.GUIElementsTest" name="testSlider" time="2.119"/>
</testsuite> <!-- Edge Tests -->
