<?xml version="1.0" encoding="UTF-8"?>
<!-- Generated by org.testng.reporters.JUnitReportReporter -->
<testsuite hostname="SubhamHP" failures="0" tests="24" name="com.guielements.tests.GUIElementsTest" time="39.608" errors="0" timestamp="2026-06-12T10:08:20 IST" skipped="0">
  <testcase classname="com.guielements.tests.GUIElementsTest" name="testTextFields" time="1.417"/>
  <testcase classname="com.guielements.tests.GUIElementsTest" name="testTextFields" time="1.351"/>
  <testcase classname="com.guielements.tests.GUIElementsTest" name="testRadioButton" time="0.354"/>
  <testcase classname="com.guielements.tests.GUIElementsTest" name="testRadioButton" time="0.273"/>
  <testcase classname="com.guielements.tests.GUIElementsTest" name="testCheckboxes" time="0.680"/>
  <testcase classname="com.guielements.tests.GUIElementsTest" name="testCheckboxes" time="0.972"/>
  <testcase classname="com.guielements.tests.GUIElementsTest" name="testDropdowns" time="1.575"/>
  <testcase classname="com.guielements.tests.GUIElementsTest" name="testDropdowns" time="1.381"/>
  <testcase classname="com.guielements.tests.GUIElementsTest" name="testDatePicker" time="0.859"/>
  <testcase classname="com.guielements.tests.GUIElementsTest" name="testDatePicker" time="0.943"/>
  <testcase classname="com.guielements.tests.GUIElementsTest" name="testSimpleAlert" time="1.854"/>
  <testcase classname="com.guielements.tests.GUIElementsTest" name="testSimpleAlert" time="3.272"/>
  <testcase classname="com.guielements.tests.GUIElementsTest" name="testConfirmationAlert" time="3.297"/>
  <testcase classname="com.guielements.tests.GUIElementsTest" name="testConfirmationAlert" time="2.097"/>
  <testcase classname="com.guielements.tests.GUIElementsTest" name="testPromptAlert" time="1.964"/>
  <testcase classname="com.guielements.tests.GUIElementsTest" name="testPromptAlert" time="2.386"/>
  <testcase classname="com.guielements.tests.GUIElementsTest" name="testMouseHover" time="2.259"/>
  <testcase classname="com.guielements.tests.GUIElementsTest" name="testMouseHover" time="2.273"/>
  <testcase classname="com.guielements.tests.GUIElementsTest" name="testDoubleClick" time="1.464"/>
  <testcase classname="com.guielements.tests.GUIElementsTest" name="testDoubleClick" time="1.452"/>
  <testcase classname="com.guielements.tests.GUIElementsTest" name="testDragAndDrop" time="1.566"/>
  <testcase classname="com.guielements.tests.GUIElementsTest" name="testDragAndDrop" time="1.559"/>
  <testcase classname="com.guielements.tests.GUIElementsTest" name="testSlider" time="2.241"/>
  <testcase classname="com.guielements.tests.GUIElementsTest" name="testSlider" time="2.119"/>
</testsuite> <!-- com.guielements.tests.GUIElementsTest -->
